nohup: ignoring input
2026-02-04 16:58:51,561 - httpx - INFO - HTTP Request: POST https://api.telegram.org/bot7840853625:AAHoX1eNG1XDeBmDA9MYG9_5hW8pjYvaHqM/getMe "HTTP/1.1 200 OK"
2026-02-04 16:58:52,021 - httpx - INFO - HTTP Request: POST https://api.telegram.org/bot7840853625:AAHoX1eNG1XDeBmDA9MYG9_5hW8pjYvaHqM/deleteWebhook "HTTP/1.1 200 OK"
2026-02-04 16:58:52,022 - telegram.ext.Application - INFO - Application started
2026-02-04 16:59:04,157 - httpx - INFO - HTTP Request: POST https://api.telegram.org/bot7840853625:AAHoX1eNG1XDeBmDA9MYG9_5hW8pjYvaHqM/getUpdates "HTTP/1.1 200 OK"
2026-02-04 16:59:49,345 - httpx - INFO - HTTP Request: POST https://api.telegram.org/bot7840853625:AAHoX1eNG1XDeBmDA9MYG9_5hW8pjYvaHqM/getUpdates "HTTP/1.1 200 OK"
2026-02-04 17:00:03,191 - httpx - INFO - HTTP Request: POST https://api.telegram.org/bot7840853625:AAHoX1eNG1XDeBmDA9MYG9_5hW8pjYvaHqM/getUpdates "HTTP/1.1 200 OK"
2026-02-04 17:00:16,794 - httpx - INFO - HTTP Request: POST https://api.telegram.org/bot7840853625:AAHoX1eNG1XDeBmDA9MYG9_5hW8pjYvaHqM/getUpdates "HTTP/1.1 200 OK"
2026-02-04 17:00:29,219 - httpx - INFO - HTTP Request: POST https://api.telegram.org/bot7840853625:AAHoX1eNG1XDeBmDA9MYG9_5hW8pjYvaHqM/getUpdates "HTTP/1.1 200 OK"
2026-02-04 17:00:42,135 - httpx - INFO - HTTP Request: POST https://api.telegram.org/bot7840853625:AAHoX1eNG1XDeBmDA9MYG9_5hW8pjYvaHqM/getUpdates "HTTP/1.1 200 OK"
2026-02-04 17:00:53,066 - httpx - INFO - HTTP Request: POST https://api.telegram.org/bot7840853625:AAHoX1eNG1XDeBmDA9MYG9_5hW8pjYvaHqM/getUpdates "HTTP/1.1 200 OK"
2026-02-04 17:01:06,200 - httpx - INFO - HTTP Request: POST https://api.telegram.org/bot7840853625:AAHoX1eNG1XDeBmDA9MYG9_5hW8pjYvaHqM/getUpdates "HTTP/1.1 200 OK"
2026-02-04 17:01:16,457 - httpx - INFO - HTTP Request: POST https://api.telegram.org/bot7840853625:AAHoX1eNG1XDeBmDA9MYG9_5hW8pjYvaHqM/getUpdates "HTTP/1.1 200 OK"
2026-02-04 17:01:27,263 - httpx - INFO - HTTP Request: POST https://api.telegram.org/bot7840853625:AAHoX1eNG1XDeBmDA9MYG9_5hW8pjYvaHqM/getUpdates "HTTP/1.1 200 OK"
2026-02-04 17:01:37,496 - httpx - INFO - HTTP Request: POST https://api.telegram.org/bot7840853625:AAHoX1eNG1XDeBmDA9MYG9_5hW8pjYvaHqM/getUpdates "HTTP/1.1 200 OK"
2026-02-04 17:01:47,772 - httpx - INFO - HTTP Request: POST https://api.telegram.org/bot7840853625:AAHoX1eNG1XDeBmDA9MYG9_5hW8pjYvaHqM/getUpdates "HTTP/1.1 200 OK"
2026-02-04 17:01:58,013 - httpx - INFO - HTTP Request: POST https://api.telegram.org/bot7840853625:AAHoX1eNG1XDeBmDA9MYG9_5hW8pjYvaHqM/getUpdates "HTTP/1.1 200 OK"
2026-02-04 17:02:08,216 - httpx - INFO - HTTP Request: POST https://api.telegram.org/bot7840853625:AAHoX1eNG1XDeBmDA9MYG9_5hW8pjYvaHqM/getUpdates "HTTP/1.1 200 OK"
2026-02-04 17:02:18,492 - httpx - INFO - HTTP Request: POST https://api.telegram.org/bot7840853625:AAHoX1eNG1XDeBmDA9MYG9_5hW8pjYvaHqM/getUpdates "HTTP/1.1 200 OK"
2026-02-04 17:02:28,733 - httpx - INFO - HTTP Request: POST https://api.telegram.org/bot7840853625:AAHoX1eNG1XDeBmDA9MYG9_5hW8pjYvaHqM/getUpdates "HTTP/1.1 200 OK"
2026-02-04 17:02:36,617 - httpx - INFO - HTTP Request: POST https://api.telegram.org/bot7840853625:AAHoX1eNG1XDeBmDA9MYG9_5hW8pjYvaHqM/getUpdates "HTTP/1.1 200 OK"
2026-02-04 17:02:37,743 - httpx - INFO - HTTP Request: POST https://api.telegram.org/bot7840853625:AAHoX1eNG1XDeBmDA9MYG9_5hW8pjYvaHqM/sendMessage "HTTP/1.1 200 OK"
2026-02-04 17:02:38,153 - httpx - INFO - HTTP Request: POST https://api.telegram.org/bot7840853625:AAHoX1eNG1XDeBmDA9MYG9_5hW8pjYvaHqM/editMessageText "HTTP/1.1 200 OK"
2026-02-04 17:02:43,116 - httpx - INFO - HTTP Request: POST https://api.telegram.org/bot7840853625:AAHoX1eNG1XDeBmDA9MYG9_5hW8pjYvaHqM/editMessageText "HTTP/1.1 400 Bad Request"
2026-02-04 17:02:43,116 - telegram.ext.Application - ERROR - No error handlers are registered, logging exception.
Traceback (most recent call last):
  File "/home/zainmutaqin/Documents/SheerID/SheerID-Verification-Tool-Platinum/telegram_bot.py", line 100, in verify_command
    result = client.process_verification(verification_id, is_program, profile, doc_gen_wrapper)
  File "/home/zainmutaqin/Documents/SheerID/SheerID-Verification-Tool-Platinum/sheerid_api.py", line 209, in process_verification
    print(f"[*] Submitting Payload: {student_data[display_info][full_name]}")
                                                  ^^^^^^^^^^^^
NameError: name 'display_info' is not defined

During handling of the above exception, another exception occurred:

Traceback (most recent call last):
  File "/home/zainmutaqin/Documents/SheerID/SheerID-Verification-Tool-Platinum/.venv/lib64/python3.14/site-packages/telegram/ext/_application.py", line 1315, in process_update
    await coroutine
  File "/home/zainmutaqin/Documents/SheerID/SheerID-Verification-Tool-Platinum/.venv/lib64/python3.14/site-packages/telegram/ext/_handlers/basehandler.py", line 159, in handle_update
    return await self.callback(update, context)
           ^^^^^^^^^^^^^^^^^^^^^^^^^^^^^^^^^^^^
  File "/home/zainmutaqin/Documents/SheerID/SheerID-Verification-Tool-Platinum/telegram_bot.py", line 163, in verify_command
    await status_msg.edit_text(f"SYSTEM ERROR: {str(e)}", parse_mode=ParseMode.MARKDOWN)
  File "/home/zainmutaqin/Documents/SheerID/SheerID-Verification-Tool-Platinum/.venv/lib64/python3.14/site-packages/telegram/_message.py", line 4205, in edit_text
    return await self.get_bot().edit_message_text(
           ^^^^^^^^^^^^^^^^^^^^^^^^^^^^^^^^^^^^^^^
    ...<15 lines>...
    )
    ^
  File "/home/zainmutaqin/Documents/SheerID/SheerID-Verification-Tool-Platinum/.venv/lib64/python3.14/site-packages/telegram/ext/_extbot.py", line 1732, in edit_message_text
    return await super().edit_message_text(
           ^^^^^^^^^^^^^^^^^^^^^^^^^^^^^^^^
    ...<15 lines>...
    )
    ^
  File "/home/zainmutaqin/Documents/SheerID/SheerID-Verification-Tool-Platinum/.venv/lib64/python3.14/site-packages/telegram/_bot.py", line 4543, in edit_message_text
    return await self._send_message(
           ^^^^^^^^^^^^^^^^^^^^^^^^^
    ...<11 lines>...
    )
    ^
  File "/home/zainmutaqin/Documents/SheerID/SheerID-Verification-Tool-Platinum/.venv/lib64/python3.14/site-packages/telegram/ext/_extbot.py", line 629, in _send_message
    result = await super()._send_message(
             ^^^^^^^^^^^^^^^^^^^^^^^^^^^^
    ...<23 lines>...
    )
    ^
  File "/home/zainmutaqin/Documents/SheerID/SheerID-Verification-Tool-Platinum/.venv/lib64/python3.14/site-packages/telegram/_bot.py", line 819, in _send_message
    result = await self._post(
             ^^^^^^^^^^^^^^^^^
    ...<7 lines>...
    )
    ^
  File "/home/zainmutaqin/Documents/SheerID/SheerID-Verification-Tool-Platinum/.venv/lib64/python3.14/site-packages/telegram/_bot.py", line 703, in _post
    return await self._do_post(
           ^^^^^^^^^^^^^^^^^^^^
    ...<6 lines>...
    )
    ^
  File "/home/zainmutaqin/Documents/SheerID/SheerID-Verification-Tool-Platinum/.venv/lib64/python3.14/site-packages/telegram/ext/_extbot.py", line 369, in _do_post
    return await super()._do_post(
           ^^^^^^^^^^^^^^^^^^^^^^^
    ...<6 lines>...
    )
    ^
  File "/home/zainmutaqin/Documents/SheerID/SheerID-Verification-Tool-Platinum/.venv/lib64/python3.14/site-packages/telegram/_bot.py", line 732, in _do_post
    result = await request.post(
             ^^^^^^^^^^^^^^^^^^^
    ...<6 lines>...
    )
    ^
  File "/home/zainmutaqin/Documents/SheerID/SheerID-Verification-Tool-Platinum/.venv/lib64/python3.14/site-packages/telegram/request/_baserequest.py", line 198, in post
    result = await self._request_wrapper(
             ^^^^^^^^^^^^^^^^^^^^^^^^^^^^
    ...<7 lines>...
    )
    ^
  File "/home/zainmutaqin/Documents/SheerID/SheerID-Verification-Tool-Platinum/.venv/lib64/python3.14/site-packages/telegram/request/_baserequest.py", line 375, in _request_wrapper
    raise exception
telegram.error.BadRequest: Can't parse entities: can't find end of the entity starting at byte offset 27
2026-02-04 17:02:46,858 - httpx - INFO - HTTP Request: POST https://api.telegram.org/bot7840853625:AAHoX1eNG1XDeBmDA9MYG9_5hW8pjYvaHqM/getUpdates "HTTP/1.1 200 OK"
2026-02-04 17:02:57,097 - httpx - INFO - HTTP Request: POST https://api.telegram.org/bot7840853625:AAHoX1eNG1XDeBmDA9MYG9_5hW8pjYvaHqM/getUpdates "HTTP/1.1 200 OK"
2026-02-04 17:03:07,339 - httpx - INFO - HTTP Request: POST https://api.telegram.org/bot7840853625:AAHoX1eNG1XDeBmDA9MYG9_5hW8pjYvaHqM/getUpdates "HTTP/1.1 200 OK"
2026-02-04 17:03:17,578 - httpx - INFO - HTTP Request: POST https://api.telegram.org/bot7840853625:AAHoX1eNG1XDeBmDA9MYG9_5hW8pjYvaHqM/getUpdates "HTTP/1.1 200 OK"
2026-02-04 17:03:27,847 - httpx - INFO - HTTP Request: POST https://api.telegram.org/bot7840853625:AAHoX1eNG1XDeBmDA9MYG9_5hW8pjYvaHqM/getUpdates "HTTP/1.1 200 OK"
2026-02-04 17:03:53,785 - httpx - INFO - HTTP Request: POST https://api.telegram.org/bot7840853625:AAHoX1eNG1XDeBmDA9MYG9_5hW8pjYvaHqM/getUpdates "HTTP/1.1 200 OK"
2026-02-04 17:04:04,154 - httpx - INFO - HTTP Request: POST https://api.telegram.org/bot7840853625:AAHoX1eNG1XDeBmDA9MYG9_5hW8pjYvaHqM/getUpdates "HTTP/1.1 200 OK"
2026-02-04 17:04:14,513 - httpx - INFO - HTTP Request: POST https://api.telegram.org/bot7840853625:AAHoX1eNG1XDeBmDA9MYG9_5hW8pjYvaHqM/getUpdates "HTTP/1.1 200 OK"
2026-02-04 17:04:24,754 - httpx - INFO - HTTP Request: POST https://api.telegram.org/bot7840853625:AAHoX1eNG1XDeBmDA9MYG9_5hW8pjYvaHqM/getUpdates "HTTP/1.1 200 OK"
2026-02-04 17:04:34,994 - httpx - INFO - HTTP Request: POST https://api.telegram.org/bot7840853625:AAHoX1eNG1XDeBmDA9MYG9_5hW8pjYvaHqM/getUpdates "HTTP/1.1 200 OK"
2026-02-04 17:04:45,220 - httpx - INFO - HTTP Request: POST https://api.telegram.org/bot7840853625:AAHoX1eNG1XDeBmDA9MYG9_5hW8pjYvaHqM/getUpdates "HTTP/1.1 200 OK"
2026-02-04 17:04:55,474 - httpx - INFO - HTTP Request: POST https://api.telegram.org/bot7840853625:AAHoX1eNG1XDeBmDA9MYG9_5hW8pjYvaHqM/getUpdates "HTTP/1.1 200 OK"
2026-02-04 17:05:06,580 - httpx - INFO - HTTP Request: POST https://api.telegram.org/bot7840853625:AAHoX1eNG1XDeBmDA9MYG9_5hW8pjYvaHqM/getUpdates "HTTP/1.1 200 OK"
2026-02-04 17:05:16,933 - httpx - INFO - HTTP Request: POST https://api.telegram.org/bot7840853625:AAHoX1eNG1XDeBmDA9MYG9_5hW8pjYvaHqM/getUpdates "HTTP/1.1 200 OK"
2026-02-04 17:05:27,219 - httpx - INFO - HTTP Request: POST https://api.telegram.org/bot7840853625:AAHoX1eNG1XDeBmDA9MYG9_5hW8pjYvaHqM/getUpdates "HTTP/1.1 200 OK"
2026-02-04 17:05:37,487 - httpx - INFO - HTTP Request: POST https://api.telegram.org/bot7840853625:AAHoX1eNG1XDeBmDA9MYG9_5hW8pjYvaHqM/getUpdates "HTTP/1.1 200 OK"
2026-02-04 17:05:47,805 - httpx - INFO - HTTP Request: POST https://api.telegram.org/bot7840853625:AAHoX1eNG1XDeBmDA9MYG9_5hW8pjYvaHqM/getUpdates "HTTP/1.1 200 OK"
2026-02-04 17:05:58,069 - httpx - INFO - HTTP Request: POST https://api.telegram.org/bot7840853625:AAHoX1eNG1XDeBmDA9MYG9_5hW8pjYvaHqM/getUpdates "HTTP/1.1 200 OK"
2026-02-04 17:06:08,405 - httpx - INFO - HTTP Request: POST https://api.telegram.org/bot7840853625:AAHoX1eNG1XDeBmDA9MYG9_5hW8pjYvaHqM/getUpdates "HTTP/1.1 200 OK"
2026-02-04 17:06:18,728 - httpx - INFO - HTTP Request: POST https://api.telegram.org/bot7840853625:AAHoX1eNG1XDeBmDA9MYG9_5hW8pjYvaHqM/getUpdates "HTTP/1.1 200 OK"
2026-02-04 17:06:29,406 - httpx - INFO - HTTP Request: POST https://api.telegram.org/bot7840853625:AAHoX1eNG1XDeBmDA9MYG9_5hW8pjYvaHqM/getUpdates "HTTP/1.1 200 OK"
2026-02-04 17:06:40,193 - httpx - INFO - HTTP Request: POST https://api.telegram.org/bot7840853625:AAHoX1eNG1XDeBmDA9MYG9_5hW8pjYvaHqM/getUpdates "HTTP/1.1 200 OK"
2026-02-04 17:06:50,507 - httpx - INFO - HTTP Request: POST https://api.telegram.org/bot7840853625:AAHoX1eNG1XDeBmDA9MYG9_5hW8pjYvaHqM/getUpdates "HTTP/1.1 200 OK"
2026-02-04 17:07:19,458 - httpx - INFO - HTTP Request: POST https://api.telegram.org/bot7840853625:AAHoX1eNG1XDeBmDA9MYG9_5hW8pjYvaHqM/getUpdates "HTTP/1.1 200 OK"
2026-02-04 17:07:29,735 - httpx - INFO - HTTP Request: POST https://api.telegram.org/bot7840853625:AAHoX1eNG1XDeBmDA9MYG9_5hW8pjYvaHqM/getUpdates "HTTP/1.1 200 OK"
2026-02-04 17:07:40,030 - httpx - INFO - HTTP Request: POST https://api.telegram.org/bot7840853625:AAHoX1eNG1XDeBmDA9MYG9_5hW8pjYvaHqM/getUpdates "HTTP/1.1 200 OK"
2026-02-04 17:07:50,282 - httpx - INFO - HTTP Request: POST https://api.telegram.org/bot7840853625:AAHoX1eNG1XDeBmDA9MYG9_5hW8pjYvaHqM/getUpdates "HTTP/1.1 200 OK"
2026-02-04 17:08:02,103 - httpx - INFO - HTTP Request: POST https://api.telegram.org/bot7840853625:AAHoX1eNG1XDeBmDA9MYG9_5hW8pjYvaHqM/getUpdates "HTTP/1.1 200 OK"
2026-02-04 17:08:12,455 - httpx - INFO - HTTP Request: POST https://api.telegram.org/bot7840853625:AAHoX1eNG1XDeBmDA9MYG9_5hW8pjYvaHqM/getUpdates "HTTP/1.1 200 OK"
2026-02-04 17:08:23,011 - httpx - INFO - HTTP Request: POST https://api.telegram.org/bot7840853625:AAHoX1eNG1XDeBmDA9MYG9_5hW8pjYvaHqM/getUpdates "HTTP/1.1 200 OK"
2026-02-04 17:08:33,260 - httpx - INFO - HTTP Request: POST https://api.telegram.org/bot7840853625:AAHoX1eNG1XDeBmDA9MYG9_5hW8pjYvaHqM/getUpdates "HTTP/1.1 200 OK"
2026-02-04 17:08:43,523 - httpx - INFO - HTTP Request: POST https://api.telegram.org/bot7840853625:AAHoX1eNG1XDeBmDA9MYG9_5hW8pjYvaHqM/getUpdates "HTTP/1.1 200 OK"
2026-02-04 17:08:54,538 - httpx - INFO - HTTP Request: POST https://api.telegram.org/bot7840853625:AAHoX1eNG1XDeBmDA9MYG9_5hW8pjYvaHqM/getUpdates "HTTP/1.1 200 OK"
2026-02-04 17:09:05,131 - httpx - INFO - HTTP Request: POST https://api.telegram.org/bot7840853625:AAHoX1eNG1XDeBmDA9MYG9_5hW8pjYvaHqM/getUpdates "HTTP/1.1 200 OK"
2026-02-04 17:09:15,472 - httpx - INFO - HTTP Request: POST https://api.telegram.org/bot7840853625:AAHoX1eNG1XDeBmDA9MYG9_5hW8pjYvaHqM/getUpdates "HTTP/1.1 200 OK"
2026-02-04 17:09:25,742 - httpx - INFO - HTTP Request: POST https://api.telegram.org/bot7840853625:AAHoX1eNG1XDeBmDA9MYG9_5hW8pjYvaHqM/getUpdates "HTTP/1.1 200 OK"
2026-02-04 17:09:35,973 - httpx - INFO - HTTP Request: POST https://api.telegram.org/bot7840853625:AAHoX1eNG1XDeBmDA9MYG9_5hW8pjYvaHqM/getUpdates "HTTP/1.1 200 OK"
2026-02-04 17:09:46,201 - httpx - INFO - HTTP Request: POST https://api.telegram.org/bot7840853625:AAHoX1eNG1XDeBmDA9MYG9_5hW8pjYvaHqM/getUpdates "HTTP/1.1 200 OK"
2026-02-04 17:09:55,842 - httpx - INFO - HTTP Request: POST https://api.telegram.org/bot7840853625:AAHoX1eNG1XDeBmDA9MYG9_5hW8pjYvaHqM/getUpdates "HTTP/1.1 200 OK"
2026-02-04 17:09:55,842 - telegram.ext.Application - INFO - Application is stopping. This might take a moment.
2026-02-04 17:09:55,842 - telegram.ext.Application - INFO - Application.stop() complete
âœ… Bot is running! Press Ctrl+C to stop.
[*] Initializing new verification session for program 67c8c14f5f17a83b745e3f82...
[!] Failed to create session: {'verificationId': None, 'currentStep': 'error', 'errorIds': ['notFound'], 'segment': None, 'subSegment': None, 'locale': 'en-US', 'country': None, 'created': None, 'updated': None, 'errorDetailId': None, 'systemErrorMessage': 'RESTEASY003210: Could not find resource for full path: http://services.sheerid.com/rest/v2/verification/program/67c8c14f5f17a83b745e3f82', 'redirectUrl': None}
[*] DEEP BYPASS INITIATED: Fresh Session 698317d57b74847a1a91e772
